<?xml version="1.0" encoding="UTF-8"?>
<!-- Generated by org.testng.reporters.JUnitReportReporter -->
<testsuite hostname="PIO-PC339" failures="0" tests="1" name="com.MedRev.suits.test.SendSurveyPageTest" time="25.020" errors="0" timestamp="2022-10-11T17:34:49 IST" skipped="0">
  <testcase classname="com.MedRev.suits.test.SendSurveyPageTest" name="SendSurveyPage" time="25.020"/>
  <system-out>
    <![CDATA[Verify suggestion engine for Name Text Box  on Send Survey Page]]>
  </system-out>
</testsuite> <!-- com.MedRev.suits.test.SendSurveyPageTest -->
