<?xml version="1.0" encoding="UTF-8"?>
<!-- Generated by org.testng.reporters.JUnitReportReporter -->
<testsuite hostname="PIO-PC391" failures="0" tests="1" name="com.MedRev.suits.dashboard.DashboardViewTest" time="22.422" errors="0" timestamp="2022-08-16T18:20:50 IST" skipped="0">
  <testcase classname="com.MedRev.suits.dashboard.DashboardViewTest" name="dastboard" time="22.422"/>
  <system-out>
    <![CDATA[Show MedRev Dashboard Item Information
Verify Send Survey Functionality
Clcik on Send Survey Button 
Clcik on Send Survey Button ]]>
  </system-out>
</testsuite> <!-- com.MedRev.suits.dashboard.DashboardViewTest -->
