<?xml version="1.0" encoding="UTF-8"?>
<!-- Generated by org.testng.reporters.JUnitReportReporter -->
<testsuite hostname="PIO-PC391" failures="0" tests="1" name="com.MedRev.suits.test.DashboardViewTest" time="79.057" errors="0" timestamp="2022-09-29T23:44:48 IST" skipped="0">
  <testcase classname="com.MedRev.suits.test.DashboardViewTest" name="dashboard" time="79.057"/>
  <system-out>
    <![CDATA[Verify Survey Change functionality under overview section on dashboard]]>
  </system-out>
</testsuite> <!-- com.MedRev.suits.test.DashboardViewTest -->
